proguard/mapping.txt
android.support.v4.app.FragmentManager -> android.support.v4.app.o:
    android.support.v4.app.FragmentTransaction beginTransaction() -> a
    boolean executePendingTransactions() -> b
    android.support.v4.app.Fragment findFragmentByTag(java.lang.String) -> a
    void popBackStack(int,int) -> a
android.support.v4.app.FragmentManager$OnBackStackChangedListener -> android.support.v4.app.p:
    void onBackStackChanged() -> a
android.support.v4.app.FragmentManagerImpl -> android.support.v4.app.q:
    boolean DEBUG -> a
    boolean HONEYCOMB -> b
    java.util.ArrayList mPendingActions -> c
    java.lang.Runnable[] mTmpActions -> d
    boolean mExecutingActions -> e
    java.util.ArrayList mActive -> f
    java.util.ArrayList mAdded -> g
    java.util.ArrayList mAvailIndices -> h
    java.util.ArrayList mBackStack -> i
    java.util.ArrayList mCreatedMenus -> j
    java.util.ArrayList mBackStackIndices -> k
    java.util.ArrayList mAvailBackStackIndices -> l
    java.util.ArrayList mBackStackChangeListeners -> m
    int mCurState -> n
    android.support.v4.app.FragmentActivity mActivity -> o
    android.support.v4.app.FragmentContainer mContainer -> p
    android.support.v4.app.Fragment mParent -> q
    boolean mNeedMenuInvalidate -> r
    boolean mStateSaved -> s
    boolean mDestroyed -> t
    java.lang.String mNoTransactionsBecause -> u
    boolean mHavePendingDeferredStart -> v
    android.os.Bundle mStateBundle -> w
    android.util.SparseArray mStateArray -> x
    java.lang.Runnable mExecCommit -> y
    android.view.animation.Interpolator DECELERATE_QUINT -> z
    android.view.animation.Interpolator DECELERATE_CUBIC -> A
    android.view.animation.Interpolator ACCELERATE_QUINT -> B
    android.view.animation.Interpolator ACCELERATE_CUBIC -> C
    434:451:void throwException(java.lang.RuntimeException) -> a
android.support.v4.app.FragmentManagerImpl$1 -> android.support.v4.app.r:
    android.support.v4.app.FragmentManagerImpl this$0 -> a
    429:430:void run() -> run
android.support.v4.app.FragmentManagerImpl$4 -> android.support.v4.app.s:
    int val$id -> a
    int val$flags -> b
    android.support.v4.app.FragmentManagerImpl this$0 -> c
    503:504:void run() -> run
android.support.v4.app.FragmentManagerImpl$5 -> android.support.v4.app.t:
    android.support.v4.app.Fragment val$fragment -> a
    android.support.v4.app.FragmentManagerImpl this$0 -> b
    994:999:void onAnimationEnd(android.view.animation.Animation) -> onAnimationEnd
    1002:1002:void onAnimationRepeat(android.view.animation.Animation) -> onAnimationRepeat
    1005:1005:void onAnimationStart(android.view.animation.Animation) -> onAnimationStart
android.support.v4.app.FragmentManagerState -> android.support.v4.app.FragmentManagerState:
    android.support.v4.app.FragmentState[] mActive -> a
    int[] mAdded -> b
    android.support.v4.app.BackStackState[] mBackStack -> c
    android.os.Parcelable$Creator CREATOR -> CREATOR
    353:353:int describeContents() -> describeContents
    357:360:void writeToParcel(android.os.Parcel,int) -> writeToParcel
android.support.v4.app.FragmentManagerState$1 -> android.support.v4.app.u:
    365:365:android.support.v4.app.FragmentManagerState createFromParcel(android.os.Parcel) -> a
    369:369:android.support.v4.app.FragmentManagerState[] newArray(int) -> a
    363:363:java.lang.Object[] newArray(int) -> newArray
    363:363:java.lang.Object createFromParcel(android.os.Parcel) -> createFromParcel